
Circuit 1 cell sky130_fd_pr__pfet_01v8 and Circuit 2 cell sky130_fd_pr__pfet_01v8 are black boxes.
Equate elements:  no current cell.
Device classes sky130_fd_pr__pfet_01v8 and sky130_fd_pr__pfet_01v8 are equivalent.

Circuit 1 cell sky130_fd_pr__nfet_01v8 and Circuit 2 cell sky130_fd_pr__nfet_01v8 are black boxes.
Equate elements:  no current cell.
Device classes sky130_fd_pr__nfet_01v8 and sky130_fd_pr__nfet_01v8 are equivalent.
Flattening unmatched subcell inverte in circuit ./MAD/mp1/AND.spice (0)(1 instance)
Flattening unmatched subcell nand in circuit ./MAD/mp1/AND.spice (0)(1 instance)
Flattening unmatched subcell MP1_nand in circuit ./MAD/mp1/simulation/MP1_and.spice (1)(1 instance)
Flattening unmatched subcell MP1_inverter in circuit ./MAD/mp1/simulation/MP1_and.spice (1)(1 instance)

Subcircuit summary:
Circuit 1: ./MAD/mp1/AND.spice             |Circuit 2: ./MAD/mp1/simulation/MP1_and.sp 
-------------------------------------------|-------------------------------------------
sky130_fd_pr__pfet_01v8 (3)                |sky130_fd_pr__pfet_01v8 (3)                
sky130_fd_pr__nfet_01v8 (3)                |sky130_fd_pr__nfet_01v8 (3)                
Number of devices: 6                       |Number of devices: 6                       
Number of nets: 7                          |Number of nets: 7                          
---------------------------------------------------------------------------------------
Netlists match uniquely.
Cells have no pins;  pin matching not needed.
Device classes ./MAD/mp1/AND.spice and ./MAD/mp1/simulation/MP1_and.spice are equivalent.

Final result: Circuits match uniquely.
.
