
Circuit 1 cell sky130_fd_pr__pfet_01v8 and Circuit 2 cell sky130_fd_pr__pfet_01v8 are black boxes.
Equate elements:  no current cell.
Device classes sky130_fd_pr__pfet_01v8 and sky130_fd_pr__pfet_01v8 are equivalent.

Circuit 1 cell sky130_fd_pr__nfet_01v8 and Circuit 2 cell sky130_fd_pr__nfet_01v8 are black boxes.
Equate elements:  no current cell.
Device classes sky130_fd_pr__nfet_01v8 and sky130_fd_pr__nfet_01v8 are equivalent.

Subcircuit summary:
Circuit 1: mp2.spice                       |Circuit 2: simulation/CSRL_Latch.spice     
-------------------------------------------|-------------------------------------------
sky130_fd_pr__pfet_01v8 (7)                |sky130_fd_pr__pfet_01v8 (7)                
sky130_fd_pr__nfet_01v8 (7)                |sky130_fd_pr__nfet_01v8 (7)                
Number of devices: 14                      |Number of devices: 14                      
Number of nets: 11                         |Number of nets: 11                         
---------------------------------------------------------------------------------------
NET mismatches: Class fragments follow (with fanout counts):
Circuit 1: mp2.spice                       |Circuit 2: simulation/CSRL_Latch.spice     

---------------------------------------------------------------------------------------
Net: Q                                     |Net: net4                                  
  sky130_fd_pr__pfet_01v8/(1|3) = 1        |  sky130_fd_pr__nfet_01v8/(1|3) = 3        
  sky130_fd_pr__pfet_01v8/2 = 1            |                                           
  sky130_fd_pr__nfet_01v8/(1|3) = 3        |                                           
  sky130_fd_pr__nfet_01v8/2 = 2            |                                           
                                           |                                           
Net: Q_NOT                                 |Net: net3                                  
  sky130_fd_pr__pfet_01v8/2 = 1            |  sky130_fd_pr__pfet_01v8/(1|3) = 3        
  sky130_fd_pr__pfet_01v8/(1|3) = 1        |                                           
  sky130_fd_pr__nfet_01v8/2 = 1            |                                           
  sky130_fd_pr__nfet_01v8/(1|3) = 1        |                                           
                                           |                                           
Net: CLK                                   |Net: CLK                                   
  sky130_fd_pr__nfet_01v8/2 = 3            |  sky130_fd_pr__nfet_01v8/2 = 3            
  sky130_fd_pr__pfet_01v8/2 = 3            |  sky130_fd_pr__pfet_01v8/2 = 3            
                                           |                                           
Net: a_1450_1410#                          |(no matching net)                          
  sky130_fd_pr__pfet_01v8/(1|3) = 2        |                                           
  sky130_fd_pr__pfet_01v8/2 = 1            |                                           
  sky130_fd_pr__nfet_01v8/(1|3) = 1        |                                           
                                           |                                           
Net: a_1900_1980#                          |(no matching net)                          
  sky130_fd_pr__pfet_01v8/(1|3) = 3        |                                           
                                           |                                           
Net: a_1330_1210#                          |(no matching net)                          
  sky130_fd_pr__nfet_01v8/2 = 1            |                                           
  sky130_fd_pr__pfet_01v8/2 = 1            |                                           
  sky130_fd_pr__nfet_01v8/(1|3) = 2        |                                           
  sky130_fd_pr__pfet_01v8/(1|3) = 2        |                                           
                                           |                                           
Net: a_1450_810#                           |(no matching net)                          
  sky130_fd_pr__nfet_01v8/(1|3) = 4        |                                           
---------------------------------------------------------------------------------------

---------------------------------------------------------------------------------------
Net: VN                                    |Net: GND                                   
  sky130_fd_pr__nfet_01v8/4 = 7            |  sky130_fd_pr__nfet_01v8/(1|3) = 3        
  sky130_fd_pr__nfet_01v8/(1|3) = 3        |  sky130_fd_pr__nfet_01v8/4 = 7            
                                           |                                           
Net: VP                                    |Net: VDD                                   
  sky130_fd_pr__pfet_01v8/4 = 7            |  sky130_fd_pr__pfet_01v8/(1|3) = 3        
  sky130_fd_pr__pfet_01v8/(1|3) = 3        |  sky130_fd_pr__pfet_01v8/4 = 7            
---------------------------------------------------------------------------------------
DEVICE mismatches: Class fragments follow (with node fanout counts):
Circuit 1: mp2.spice                       |Circuit 2: simulation/CSRL_Latch.spice     

---------------------------------------------------------------------------------------
Instance: sky130_fd_pr__nfet_01v8:13       |Instance: sky130_fd_pr__nfet_01v8:Q5       
  (1,3) = (7,4)                            |  (1,3) = (10,3)                           
  2 = 6                                    |  2 = 6                                    
  4 = 10                                   |  4 = 10                                   
                                           |                                           
Instance: sky130_fd_pr__nfet_01v8:7        |(no matching instance)                     
  (1,3) = (6,4)                            |                                           
  2 = 7                                    |                                           
  4 = 10                                   |                                           
                                           |                                           
                                           |                                           
Instance: sky130_fd_pr__nfet_01v8:4        |(no matching instance)                     
  (1,3) = (6,4)                            |                                           
  2 = 6                                    |                                           
  4 = 10                                   |                                           
                                           |                                           
                                           |                                           
Instance: sky130_fd_pr__nfet_01v8:2        |(no matching instance)                     
  (1,3) = (7,4)                            |                                           
  2 = 6                                    |                                           
  4 = 10                                   |                                           
                                           |                                           
                                           |                                           
Instance: sky130_fd_pr__nfet_01v8:11       |(no matching instance)                     
  (1,3) = (10,4)                           |                                           
  2 = 6                                    |                                           
  4 = 10                                   |                                           
                                           |                                           
                                           |                                           
Instance: sky130_fd_pr__nfet_01v8:10       |(no matching instance)                     
  (1,3) = (10,4)                           |                                           
  2 = 7                                    |                                           
  4 = 10                                   |                                           
                                           |                                           
                                           |                                           
Instance: sky130_fd_pr__nfet_01v8:5        |(no matching instance)                     
  (1,3) = (10,7)                           |                                           
  2 = 4                                    |                                           
  4 = 10                                   |                                           
                                           |                                           
---------------------------------------------------------------------------------------

---------------------------------------------------------------------------------------
Instance: sky130_fd_pr__pfet_01v8:3        |Instance: sky130_fd_pr__pfet_01v8:Q10      
  (1,3) = (10,4)                           |  (1,3) = (10,3)                           
  2 = 6                                    |  2 = 6                                    
  4 = 10                                   |  4 = 10                                   
                                           |                                           
Instance: sky130_fd_pr__pfet_01v8:8        |(no matching instance)                     
  (1,3) = (10,6)                           |                                           
  2 = 4                                    |                                           
  4 = 10                                   |                                           
                                           |                                           
                                           |                                           
Instance: sky130_fd_pr__pfet_01v8:9        |(no matching instance)                     
  (1,3) = (10,3)                           |                                           
  2 = 6                                    |                                           
  4 = 10                                   |                                           
                                           |                                           
---------------------------------------------------------------------------------------
Netlists do not match.
Cells have no pins;  pin matching not needed.
Device classes mp2.spice and simulation/CSRL_Latch.spice are equivalent.

Final result: Netlists do not match.
