
Cell simulation/LVS_biasgen.spice (1) disconnected node: ,:/end_a
Cell simulation/LVS_biasgen.spice (1) disconnected node: ,:/end_b
Cell simulation/LVS_biasgen.spice (1) disconnected node: ,:/end_a
Cell simulation/LVS_biasgen.spice (1) disconnected node: ,:/end_b
Cell simulation/LVS_biasgen.spice (1) disconnected node: ,:/end_a
Cell simulation/LVS_biasgen.spice (1) disconnected node: ,:/end_b
Cell simulation/LVS_biasgen.spice (1) disconnected node: ,:/end_a
Cell simulation/LVS_biasgen.spice (1) disconnected node: ,:/end_b
Cell simulation/LVS_biasgen.spice (1) disconnected node: ,:/end_a
Cell simulation/LVS_biasgen.spice (1) disconnected node: ,:/end_b
Cell simulation/LVS_biasgen.spice (1) disconnected node: ,:/end_a
Cell simulation/LVS_biasgen.spice (1) disconnected node: ,:/end_b
Cell simulation/LVS_biasgen.spice (1) disconnected node: ,:/end_a
Cell simulation/LVS_biasgen.spice (1) disconnected node: ,:/end_b
Cell simulation/LVS_biasgen.spice (1) disconnected node: ,:/end_a
Cell simulation/LVS_biasgen.spice (1) disconnected node: ,:/end_b
Cell simulation/LVS_biasgen.spice (1) disconnected node: ,:/end_a
Cell simulation/LVS_biasgen.spice (1) disconnected node: ,:/end_b
Cell simulation/LVS_biasgen.spice (1) disconnected node: ,:/end_a
Cell simulation/LVS_biasgen.spice (1) disconnected node: ,:/end_b
Cell simulation/LVS_biasgen.spice (1) disconnected node: ,:/end_a
Cell simulation/LVS_biasgen.spice (1) disconnected node: ,:/end_b
Cell simulation/LVS_biasgen.spice (1) disconnected node: ,:/end_a
Cell simulation/LVS_biasgen.spice (1) disconnected node: ,:/end_b
Cell simulation/LVS_biasgen.spice (1) disconnected node: ,:/end_a
Cell simulation/LVS_biasgen.spice (1) disconnected node: ,:/end_b
Cell simulation/LVS_biasgen.spice (1) disconnected node: ,:/end_a
Cell simulation/LVS_biasgen.spice (1) disconnected node: ,:/end_b
Cell simulation/LVS_biasgen.spice (1) disconnected node: ,:/end_a
Cell simulation/LVS_biasgen.spice (1) disconnected node: ,:/end_b
Cell simulation/LVS_biasgen.spice (1) disconnected node: ,:/end_a
Cell simulation/LVS_biasgen.spice (1) disconnected node: ,:/end_b
Cell simulation/LVS_biasgen.spice (1) disconnected node: ,:/end_a
Cell simulation/LVS_biasgen.spice (1) disconnected node: ,:/end_b
Cell simulation/LVS_biasgen.spice (1) disconnected node: ,:/end_a
Cell simulation/LVS_biasgen.spice (1) disconnected node: ,:/end_b
Cell simulation/LVS_biasgen.spice (1) disconnected node: ,:/end_a
Cell simulation/LVS_biasgen.spice (1) disconnected node: ,:/end_b
Cell simulation/LVS_biasgen.spice (1) disconnected node: ,:/end_a
Cell simulation/LVS_biasgen.spice (1) disconnected node: ,:/end_b
Cell simulation/LVS_biasgen.spice (1) disconnected node: ,:/end_a
Cell simulation/LVS_biasgen.spice (1) disconnected node: ,:/end_b
Cell simulation/LVS_biasgen.spice (1) disconnected node: ,:/end_a
Cell simulation/LVS_biasgen.spice (1) disconnected node: ,:/end_b
Cell simulation/LVS_biasgen.spice (1) disconnected node: ,:/end_a
Cell simulation/LVS_biasgen.spice (1) disconnected node: ,:/end_b
Cell simulation/LVS_biasgen.spice (1) disconnected node: ,:/end_a
Cell simulation/LVS_biasgen.spice (1) disconnected node: ,:/end_b
Cell simulation/LVS_biasgen.spice (1) disconnected node: ,:/end_a
Cell simulation/LVS_biasgen.spice (1) disconnected node: ,:/end_b
Cell simulation/LVS_biasgen.spice (1) disconnected node: ,:/end_a
Cell simulation/LVS_biasgen.spice (1) disconnected node: ,:/end_b
Cell simulation/LVS_biasgen.spice (1) disconnected node: ,:/end_a
Cell simulation/LVS_biasgen.spice (1) disconnected node: ,:/end_b
Cell simulation/LVS_biasgen.spice (1) disconnected node: ,:/end_a
Cell simulation/LVS_biasgen.spice (1) disconnected node: ,:/end_b
Cell simulation/LVS_biasgen.spice (1) disconnected node: ,:/end_a
Cell simulation/LVS_biasgen.spice (1) disconnected node: ,:/end_b
Cell simulation/LVS_biasgen.spice (1) disconnected node: ,:/end_a
Cell simulation/LVS_biasgen.spice (1) disconnected node: ,:/end_b
Cell simulation/LVS_biasgen.spice (1) disconnected node: ,:/end_a
Cell simulation/LVS_biasgen.spice (1) disconnected node: ,:/end_b
Cell simulation/LVS_biasgen.spice (1) disconnected node: ,:/end_a
Cell simulation/LVS_biasgen.spice (1) disconnected node: ,:/end_b
Cell simulation/LVS_biasgen.spice (1) disconnected node: ,:/end_a
Cell simulation/LVS_biasgen.spice (1) disconnected node: ,:/end_b
Cell simulation/LVS_biasgen.spice (1) disconnected node: ,:/end_a
Cell simulation/LVS_biasgen.spice (1) disconnected node: ,:/end_b
Cell simulation/LVS_biasgen.spice (1) disconnected node: ,:/end_a
Cell simulation/LVS_biasgen.spice (1) disconnected node: ,:/end_b
Cell simulation/LVS_biasgen.spice (1) disconnected node: ,:/end_a
Cell simulation/LVS_biasgen.spice (1) disconnected node: ,:/end_b
Cell simulation/LVS_biasgen.spice (1) disconnected node: ,:/end_a
Cell simulation/LVS_biasgen.spice (1) disconnected node: ,:/end_b
Cell simulation/LVS_biasgen.spice (1) disconnected node: ,:/end_a
Cell simulation/LVS_biasgen.spice (1) disconnected node: ,:/end_b
Cell simulation/LVS_biasgen.spice (1) disconnected node: ,:/end_a
Cell simulation/LVS_biasgen.spice (1) disconnected node: ,:/end_b
Cell simulation/LVS_biasgen.spice (1) disconnected node: ,:/end_a
Cell simulation/LVS_biasgen.spice (1) disconnected node: ,:/end_b
Cell simulation/LVS_biasgen.spice (1) disconnected node: ,:/end_a
Cell simulation/LVS_biasgen.spice (1) disconnected node: ,:/end_b
Cell simulation/LVS_biasgen.spice (1) disconnected node: ,:/end_a
Cell simulation/LVS_biasgen.spice (1) disconnected node: ,:/end_b
Cell simulation/LVS_biasgen.spice (1) disconnected node: ,:/end_a
Cell simulation/LVS_biasgen.spice (1) disconnected node: ,:/end_b
Cell simulation/LVS_biasgen.spice (1) disconnected node: ,:/end_a
Cell simulation/LVS_biasgen.spice (1) disconnected node: ,:/end_b
Cell simulation/LVS_biasgen.spice (1) disconnected node: ,:/end_a
Cell simulation/LVS_biasgen.spice (1) disconnected node: ,:/end_b
Cell simulation/LVS_biasgen.spice (1) disconnected node: ,:/end_a
Cell simulation/LVS_biasgen.spice (1) disconnected node: ,:/end_b
Cell simulation/LVS_biasgen.spice (1) disconnected node: ,:/end_a
Cell simulation/LVS_biasgen.spice (1) disconnected node: ,:/end_b
Cell simulation/LVS_biasgen.spice (1) disconnected node: ,:/end_a
Cell simulation/LVS_biasgen.spice (1) disconnected node: ,:/end_b
Cell simulation/LVS_biasgen.spice (1) disconnected node: ,:/end_a
Cell simulation/LVS_biasgen.spice (1) disconnected node: ,:/end_b
Cell simulation/LVS_biasgen.spice (1) disconnected node: ,:/end_a
Cell simulation/LVS_biasgen.spice (1) disconnected node: ,:/end_b
Cell simulation/LVS_biasgen.spice (1) disconnected node: ,:/end_a
Cell simulation/LVS_biasgen.spice (1) disconnected node: ,:/end_b
Cell simulation/LVS_biasgen.spice (1) disconnected node: ,:/end_a
Cell simulation/LVS_biasgen.spice (1) disconnected node: ,:/end_b
Cell simulation/LVS_biasgen.spice (1) disconnected node: ,:/end_a
Cell simulation/LVS_biasgen.spice (1) disconnected node: ,:/end_b
Cell simulation/LVS_biasgen.spice (1) disconnected node: ,:/end_a
Cell simulation/LVS_biasgen.spice (1) disconnected node: ,:/end_b
Cell simulation/LVS_biasgen.spice (1) disconnected node: ,:/end_a
Cell simulation/LVS_biasgen.spice (1) disconnected node: ,:/end_b
Cell simulation/LVS_biasgen.spice (1) disconnected node: ,:/end_a
Cell simulation/LVS_biasgen.spice (1) disconnected node: ,:/end_b
Cell simulation/LVS_biasgen.spice (1) disconnected node: ,:/end_a
Cell simulation/LVS_biasgen.spice (1) disconnected node: ,:/end_b
Cell simulation/LVS_biasgen.spice (1) disconnected node: ,:/end_a
Cell simulation/LVS_biasgen.spice (1) disconnected node: ,:/end_b
Cell simulation/LVS_biasgen.spice (1) disconnected node: ,:/end_a
Cell simulation/LVS_biasgen.spice (1) disconnected node: ,:/end_b
Cell simulation/LVS_biasgen.spice (1) disconnected node: ,:/end_a
Cell simulation/LVS_biasgen.spice (1) disconnected node: ,:/end_b
Cell simulation/LVS_biasgen.spice (1) disconnected node: ,:/end_a
Cell simulation/LVS_biasgen.spice (1) disconnected node: ,:/end_b
Cell simulation/LVS_biasgen.spice (1) disconnected node: ,:/end_a
Cell simulation/LVS_biasgen.spice (1) disconnected node: ,:/end_b
Cell simulation/LVS_biasgen.spice (1) disconnected node: ,:/end_a
Cell simulation/LVS_biasgen.spice (1) disconnected node: ,:/end_b
Cell simulation/LVS_biasgen.spice (1) disconnected node: ,:/end_a
Cell simulation/LVS_biasgen.spice (1) disconnected node: ,:/end_b
Cell simulation/LVS_biasgen.spice (1) disconnected node: ,:/end_a
Cell simulation/LVS_biasgen.spice (1) disconnected node: ,:/end_b
Cell simulation/LVS_biasgen.spice (1) disconnected node: ,:/end_a
Cell simulation/LVS_biasgen.spice (1) disconnected node: ,:/end_b
Cell simulation/LVS_biasgen.spice (1) disconnected node: ,:/end_a
Cell simulation/LVS_biasgen.spice (1) disconnected node: ,:/end_b
Cell simulation/LVS_biasgen.spice (1) disconnected node: ,:/end_a
Cell simulation/LVS_biasgen.spice (1) disconnected node: ,:/end_b
Cell simulation/LVS_biasgen.spice (1) disconnected node: ,:/end_a
Cell simulation/LVS_biasgen.spice (1) disconnected node: ,:/end_b
Cell simulation/LVS_biasgen.spice (1) disconnected node: ,:/end_a
Cell simulation/LVS_biasgen.spice (1) disconnected node: ,:/end_b
Cell simulation/LVS_biasgen.spice (1) disconnected node: ,:/end_a
Cell simulation/LVS_biasgen.spice (1) disconnected node: ,:/end_b
Cell simulation/LVS_biasgen.spice (1) disconnected node: ,:/end_a
Cell simulation/LVS_biasgen.spice (1) disconnected node: ,:/end_b
Cell simulation/LVS_biasgen.spice (1) disconnected node: ,:/end_a
Cell simulation/LVS_biasgen.spice (1) disconnected node: ,:/end_b
Cell simulation/LVS_biasgen.spice (1) disconnected node: ,:/end_a
Cell simulation/LVS_biasgen.spice (1) disconnected node: ,:/end_b
Cell simulation/LVS_biasgen.spice (1) disconnected node: ,:/end_a
Cell simulation/LVS_biasgen.spice (1) disconnected node: ,:/end_b
Cell simulation/LVS_biasgen.spice (1) disconnected node: ,:/end_a
Cell simulation/LVS_biasgen.spice (1) disconnected node: ,:/end_b
Cell simulation/LVS_biasgen.spice (1) disconnected node: ,:/end_a
Cell simulation/LVS_biasgen.spice (1) disconnected node: ,:/end_b
Cell simulation/LVS_biasgen.spice (1) disconnected node: ,:/end_a
Cell simulation/LVS_biasgen.spice (1) disconnected node: ,:/end_b
Cell simulation/LVS_biasgen.spice (1) disconnected node: ,:/end_a
Cell simulation/LVS_biasgen.spice (1) disconnected node: ,:/end_b
Cell simulation/LVS_biasgen.spice (1) disconnected node: ,:/end_a
Cell simulation/LVS_biasgen.spice (1) disconnected node: ,:/end_b
Cell simulation/LVS_biasgen.spice (1) disconnected node: ,:/end_a
Cell simulation/LVS_biasgen.spice (1) disconnected node: ,:/end_b
Cell simulation/LVS_biasgen.spice (1) disconnected node: ,:/end_a
Cell simulation/LVS_biasgen.spice (1) disconnected node: ,:/end_b
Cell simulation/LVS_biasgen.spice (1) disconnected node: ,:/end_a
Cell simulation/LVS_biasgen.spice (1) disconnected node: ,:/end_b
Cell simulation/LVS_biasgen.spice (1) disconnected node: ,:/end_a
Cell simulation/LVS_biasgen.spice (1) disconnected node: ,:/end_b
Cell simulation/LVS_biasgen.spice (1) disconnected node: ,:/end_a
Cell simulation/LVS_biasgen.spice (1) disconnected node: ,:/end_b
Cell simulation/LVS_biasgen.spice (1) disconnected node: ,:/end_a
Cell simulation/LVS_biasgen.spice (1) disconnected node: ,:/end_b
Cell simulation/LVS_biasgen.spice (1) disconnected node: ,:/end_a
Cell simulation/LVS_biasgen.spice (1) disconnected node: ,:/end_b
Cell simulation/LVS_biasgen.spice (1) disconnected node: ,:/end_a
Cell simulation/LVS_biasgen.spice (1) disconnected node: ,:/end_b
Cell simulation/LVS_biasgen.spice (1) disconnected node: ,:/end_a
Cell simulation/LVS_biasgen.spice (1) disconnected node: ,:/end_b
Cell simulation/LVS_biasgen.spice (1) disconnected node: ,:/end_a
Cell simulation/LVS_biasgen.spice (1) disconnected node: ,:/end_b
Cell simulation/LVS_biasgen.spice (1) disconnected node: ,:/end_a
Cell simulation/LVS_biasgen.spice (1) disconnected node: ,:/end_b
Cell simulation/LVS_biasgen.spice (1) disconnected node: ,:/end_a
Cell simulation/LVS_biasgen.spice (1) disconnected node: ,:/end_b
Cell simulation/LVS_biasgen.spice (1) disconnected node: ,:/end_a
Cell simulation/LVS_biasgen.spice (1) disconnected node: ,:/end_b
Cell simulation/LVS_biasgen.spice (1) disconnected node: ,:/end_a
Cell simulation/LVS_biasgen.spice (1) disconnected node: ,:/end_b
Cell simulation/LVS_biasgen.spice (1) disconnected node: ,:/end_a
Cell simulation/LVS_biasgen.spice (1) disconnected node: ,:/end_b
Cell simulation/LVS_biasgen.spice (1) disconnected node: ,:/end_a
Cell simulation/LVS_biasgen.spice (1) disconnected node: ,:/end_b
Cell simulation/LVS_biasgen.spice (1) disconnected node: ,:/end_a
Cell simulation/LVS_biasgen.spice (1) disconnected node: ,:/end_b
Cell simulation/LVS_biasgen.spice (1) disconnected node: ,:/end_a
Cell simulation/LVS_biasgen.spice (1) disconnected node: ,:/end_b
Cell simulation/LVS_biasgen.spice (1) disconnected node: ,:/end_a
Cell simulation/LVS_biasgen.spice (1) disconnected node: ,:/end_b
Cell simulation/LVS_biasgen.spice (1) disconnected node: ,:/end_a
Cell simulation/LVS_biasgen.spice (1) disconnected node: ,:/end_b
Cell simulation/LVS_biasgen.spice (1) disconnected node: ,:/end_a
Cell simulation/LVS_biasgen.spice (1) disconnected node: ,:/end_b
Cell simulation/LVS_biasgen.spice (1) disconnected node: ,:/end_a
Cell simulation/LVS_biasgen.spice (1) disconnected node: ,:/end_b
Cell simulation/LVS_biasgen.spice (1) disconnected node: ,:/end_a
Cell simulation/LVS_biasgen.spice (1) disconnected node: ,:/end_b
Cell simulation/LVS_biasgen.spice (1) disconnected node: ,:/end_a
Cell simulation/LVS_biasgen.spice (1) disconnected node: ,:/end_b
Cell simulation/LVS_biasgen.spice (1) disconnected node: ,:/end_a
Cell simulation/LVS_biasgen.spice (1) disconnected node: ,:/end_b
Cell simulation/LVS_biasgen.spice (1) disconnected node: ,:/end_a
Cell simulation/LVS_biasgen.spice (1) disconnected node: ,:/end_b
Cell simulation/LVS_biasgen.spice (1) disconnected node: ,:/end_a
Cell simulation/LVS_biasgen.spice (1) disconnected node: ,:/end_b
Cell simulation/LVS_biasgen.spice (1) disconnected node: ,:/end_a
Cell simulation/LVS_biasgen.spice (1) disconnected node: ,:/end_b
Cell simulation/LVS_biasgen.spice (1) disconnected node: ,:/end_a
Cell simulation/LVS_biasgen.spice (1) disconnected node: ,:/end_b
Cell simulation/LVS_biasgen.spice (1) disconnected node: ,:/end_a
Cell simulation/LVS_biasgen.spice (1) disconnected node: ,:/end_b
Cell simulation/LVS_biasgen.spice (1) disconnected node: ,:/end_a
Cell simulation/LVS_biasgen.spice (1) disconnected node: ,:/end_b
Cell simulation/LVS_biasgen.spice (1) disconnected node: ,:/end_a
Cell simulation/LVS_biasgen.spice (1) disconnected node: ,:/end_b
Cell simulation/LVS_biasgen.spice (1) disconnected node: ,:/end_a
Cell simulation/LVS_biasgen.spice (1) disconnected node: ,:/end_b
Cell simulation/LVS_biasgen.spice (1) disconnected node: ,:/end_a
Cell simulation/LVS_biasgen.spice (1) disconnected node: ,:/end_b
Cell simulation/LVS_biasgen.spice (1) disconnected node: ,:/end_a
Cell simulation/LVS_biasgen.spice (1) disconnected node: ,:/end_b
Cell simulation/LVS_biasgen.spice (1) disconnected node: ,:/end_a
Cell simulation/LVS_biasgen.spice (1) disconnected node: ,:/end_b
Cell simulation/LVS_biasgen.spice (1) disconnected node: ,:/end_a
Cell simulation/LVS_biasgen.spice (1) disconnected node: ,:/end_b
Cell simulation/LVS_biasgen.spice (1) disconnected node: ,:/end_a
Cell simulation/LVS_biasgen.spice (1) disconnected node: ,:/end_b
Cell simulation/LVS_biasgen.spice (1) disconnected node: ,:/end_a
Cell simulation/LVS_biasgen.spice (1) disconnected node: ,:/end_b
Cell simulation/LVS_biasgen.spice (1) disconnected node: ,:/end_a
Cell simulation/LVS_biasgen.spice (1) disconnected node: ,:/end_b
Class bias_generator.spice (0):  Merged 29 parallel devices.
Cell simulation/LVS_biasgen.spice (1) disconnected node: ,:/end_a
Cell simulation/LVS_biasgen.spice (1) disconnected node: ,:/end_b
Cell simulation/LVS_biasgen.spice (1) disconnected node: ,:/end_a
Cell simulation/LVS_biasgen.spice (1) disconnected node: ,:/end_b
Cell simulation/LVS_biasgen.spice (1) disconnected node: ,:/end_a
Cell simulation/LVS_biasgen.spice (1) disconnected node: ,:/end_b
Cell simulation/LVS_biasgen.spice (1) disconnected node: ,:/end_a
Cell simulation/LVS_biasgen.spice (1) disconnected node: ,:/end_b
Cell simulation/LVS_biasgen.spice (1) disconnected node: ,:/end_a
Cell simulation/LVS_biasgen.spice (1) disconnected node: ,:/end_b
Cell simulation/LVS_biasgen.spice (1) disconnected node: ,:/end_a
Cell simulation/LVS_biasgen.spice (1) disconnected node: ,:/end_b
Cell simulation/LVS_biasgen.spice (1) disconnected node: ,:/end_a
Cell simulation/LVS_biasgen.spice (1) disconnected node: ,:/end_b
Cell simulation/LVS_biasgen.spice (1) disconnected node: ,:/end_a
Cell simulation/LVS_biasgen.spice (1) disconnected node: ,:/end_b
Cell simulation/LVS_biasgen.spice (1) disconnected node: ,:/end_a
Cell simulation/LVS_biasgen.spice (1) disconnected node: ,:/end_b
Cell simulation/LVS_biasgen.spice (1) disconnected node: ,:/end_a
Cell simulation/LVS_biasgen.spice (1) disconnected node: ,:/end_b
Cell simulation/LVS_biasgen.spice (1) disconnected node: ,:/end_a
Cell simulation/LVS_biasgen.spice (1) disconnected node: ,:/end_b
Cell simulation/LVS_biasgen.spice (1) disconnected node: ,:/end_a
Cell simulation/LVS_biasgen.spice (1) disconnected node: ,:/end_b
Cell simulation/LVS_biasgen.spice (1) disconnected node: ,:/end_a
Cell simulation/LVS_biasgen.spice (1) disconnected node: ,:/end_b
Cell simulation/LVS_biasgen.spice (1) disconnected node: ,:/end_a
Cell simulation/LVS_biasgen.spice (1) disconnected node: ,:/end_b
Cell simulation/LVS_biasgen.spice (1) disconnected node: ,:/end_a
Cell simulation/LVS_biasgen.spice (1) disconnected node: ,:/end_b
Cell simulation/LVS_biasgen.spice (1) disconnected node: ,:/end_a
Cell simulation/LVS_biasgen.spice (1) disconnected node: ,:/end_b
Cell simulation/LVS_biasgen.spice (1) disconnected node: ,:/end_a
Cell simulation/LVS_biasgen.spice (1) disconnected node: ,:/end_b
Cell simulation/LVS_biasgen.spice (1) disconnected node: ,:/end_a
Cell simulation/LVS_biasgen.spice (1) disconnected node: ,:/end_b
Cell simulation/LVS_biasgen.spice (1) disconnected node: ,:/end_a
Cell simulation/LVS_biasgen.spice (1) disconnected node: ,:/end_b
Cell simulation/LVS_biasgen.spice (1) disconnected node: ,:/end_a
Cell simulation/LVS_biasgen.spice (1) disconnected node: ,:/end_b
Cell simulation/LVS_biasgen.spice (1) disconnected node: ,:/end_a
Cell simulation/LVS_biasgen.spice (1) disconnected node: ,:/end_b
Cell simulation/LVS_biasgen.spice (1) disconnected node: ,:/end_a
Cell simulation/LVS_biasgen.spice (1) disconnected node: ,:/end_b
Cell simulation/LVS_biasgen.spice (1) disconnected node: ,:/end_a
Cell simulation/LVS_biasgen.spice (1) disconnected node: ,:/end_b
Cell simulation/LVS_biasgen.spice (1) disconnected node: ,:/end_a
Cell simulation/LVS_biasgen.spice (1) disconnected node: ,:/end_b
Cell simulation/LVS_biasgen.spice (1) disconnected node: ,:/end_a
Cell simulation/LVS_biasgen.spice (1) disconnected node: ,:/end_b
Cell simulation/LVS_biasgen.spice (1) disconnected node: ,:/end_a
Cell simulation/LVS_biasgen.spice (1) disconnected node: ,:/end_b
Cell simulation/LVS_biasgen.spice (1) disconnected node: ,:/end_a
Cell simulation/LVS_biasgen.spice (1) disconnected node: ,:/end_b
Cell simulation/LVS_biasgen.spice (1) disconnected node: ,:/end_a
Cell simulation/LVS_biasgen.spice (1) disconnected node: ,:/end_b
Cell simulation/LVS_biasgen.spice (1) disconnected node: ,:/end_a
Cell simulation/LVS_biasgen.spice (1) disconnected node: ,:/end_b
Cell simulation/LVS_biasgen.spice (1) disconnected node: ,:/end_a
Cell simulation/LVS_biasgen.spice (1) disconnected node: ,:/end_b
Cell simulation/LVS_biasgen.spice (1) disconnected node: ,:/end_a
Cell simulation/LVS_biasgen.spice (1) disconnected node: ,:/end_b
Cell simulation/LVS_biasgen.spice (1) disconnected node: ,:/end_a
Cell simulation/LVS_biasgen.spice (1) disconnected node: ,:/end_b
Cell simulation/LVS_biasgen.spice (1) disconnected node: ,:/end_a
Cell simulation/LVS_biasgen.spice (1) disconnected node: ,:/end_b
Cell simulation/LVS_biasgen.spice (1) disconnected node: ,:/end_a
Cell simulation/LVS_biasgen.spice (1) disconnected node: ,:/end_b
Cell simulation/LVS_biasgen.spice (1) disconnected node: ,:/end_a
Cell simulation/LVS_biasgen.spice (1) disconnected node: ,:/end_b
Cell simulation/LVS_biasgen.spice (1) disconnected node: ,:/end_a
Cell simulation/LVS_biasgen.spice (1) disconnected node: ,:/end_b
Cell simulation/LVS_biasgen.spice (1) disconnected node: ,:/end_a
Cell simulation/LVS_biasgen.spice (1) disconnected node: ,:/end_b
Cell simulation/LVS_biasgen.spice (1) disconnected node: ,:/end_a
Cell simulation/LVS_biasgen.spice (1) disconnected node: ,:/end_b
Cell simulation/LVS_biasgen.spice (1) disconnected node: ,:/end_a
Cell simulation/LVS_biasgen.spice (1) disconnected node: ,:/end_b
Cell simulation/LVS_biasgen.spice (1) disconnected node: ,:/end_a
Cell simulation/LVS_biasgen.spice (1) disconnected node: ,:/end_b
Cell simulation/LVS_biasgen.spice (1) disconnected node: ,:/end_a
Cell simulation/LVS_biasgen.spice (1) disconnected node: ,:/end_b
Cell simulation/LVS_biasgen.spice (1) disconnected node: ,:/end_a
Cell simulation/LVS_biasgen.spice (1) disconnected node: ,:/end_b
Cell simulation/LVS_biasgen.spice (1) disconnected node: ,:/end_a
Cell simulation/LVS_biasgen.spice (1) disconnected node: ,:/end_b
Cell simulation/LVS_biasgen.spice (1) disconnected node: ,:/end_a
Cell simulation/LVS_biasgen.spice (1) disconnected node: ,:/end_b
Cell simulation/LVS_biasgen.spice (1) disconnected node: ,:/end_a
Cell simulation/LVS_biasgen.spice (1) disconnected node: ,:/end_b
Cell simulation/LVS_biasgen.spice (1) disconnected node: ,:/end_a
Cell simulation/LVS_biasgen.spice (1) disconnected node: ,:/end_b
Cell simulation/LVS_biasgen.spice (1) disconnected node: ,:/end_a
Cell simulation/LVS_biasgen.spice (1) disconnected node: ,:/end_b
Cell simulation/LVS_biasgen.spice (1) disconnected node: ,:/end_a
Cell simulation/LVS_biasgen.spice (1) disconnected node: ,:/end_b
Cell simulation/LVS_biasgen.spice (1) disconnected node: ,:/end_a
Cell simulation/LVS_biasgen.spice (1) disconnected node: ,:/end_b
Cell simulation/LVS_biasgen.spice (1) disconnected node: ,:/end_a
Cell simulation/LVS_biasgen.spice (1) disconnected node: ,:/end_b
Cell simulation/LVS_biasgen.spice (1) disconnected node: ,:/end_a
Cell simulation/LVS_biasgen.spice (1) disconnected node: ,:/end_b
Cell simulation/LVS_biasgen.spice (1) disconnected node: ,:/end_a
Cell simulation/LVS_biasgen.spice (1) disconnected node: ,:/end_b
Cell simulation/LVS_biasgen.spice (1) disconnected node: ,:/end_a
Cell simulation/LVS_biasgen.spice (1) disconnected node: ,:/end_b
Cell simulation/LVS_biasgen.spice (1) disconnected node: ,:/end_a
Cell simulation/LVS_biasgen.spice (1) disconnected node: ,:/end_b
Cell simulation/LVS_biasgen.spice (1) disconnected node: ,:/end_a
Cell simulation/LVS_biasgen.spice (1) disconnected node: ,:/end_b
Cell simulation/LVS_biasgen.spice (1) disconnected node: ,:/end_a
Cell simulation/LVS_biasgen.spice (1) disconnected node: ,:/end_b
Cell simulation/LVS_biasgen.spice (1) disconnected node: ,:/end_a
Cell simulation/LVS_biasgen.spice (1) disconnected node: ,:/end_b
Cell simulation/LVS_biasgen.spice (1) disconnected node: ,:/end_a
Cell simulation/LVS_biasgen.spice (1) disconnected node: ,:/end_b
Cell simulation/LVS_biasgen.spice (1) disconnected node: ,:/end_a
Cell simulation/LVS_biasgen.spice (1) disconnected node: ,:/end_b
Cell simulation/LVS_biasgen.spice (1) disconnected node: ,:/end_a
Cell simulation/LVS_biasgen.spice (1) disconnected node: ,:/end_b
Cell simulation/LVS_biasgen.spice (1) disconnected node: ,:/end_a
Cell simulation/LVS_biasgen.spice (1) disconnected node: ,:/end_b
Cell simulation/LVS_biasgen.spice (1) disconnected node: ,:/end_a
Cell simulation/LVS_biasgen.spice (1) disconnected node: ,:/end_b
Cell simulation/LVS_biasgen.spice (1) disconnected node: ,:/end_a
Cell simulation/LVS_biasgen.spice (1) disconnected node: ,:/end_b
Cell simulation/LVS_biasgen.spice (1) disconnected node: ,:/end_a
Cell simulation/LVS_biasgen.spice (1) disconnected node: ,:/end_b
Cell simulation/LVS_biasgen.spice (1) disconnected node: ,:/end_a
Cell simulation/LVS_biasgen.spice (1) disconnected node: ,:/end_b
Cell simulation/LVS_biasgen.spice (1) disconnected node: ,:/end_a
Cell simulation/LVS_biasgen.spice (1) disconnected node: ,:/end_b
Cell simulation/LVS_biasgen.spice (1) disconnected node: ,:/end_a
Cell simulation/LVS_biasgen.spice (1) disconnected node: ,:/end_b
Cell simulation/LVS_biasgen.spice (1) disconnected node: ,:/end_a
Cell simulation/LVS_biasgen.spice (1) disconnected node: ,:/end_b
Cell simulation/LVS_biasgen.spice (1) disconnected node: ,:/end_a
Cell simulation/LVS_biasgen.spice (1) disconnected node: ,:/end_b
Cell simulation/LVS_biasgen.spice (1) disconnected node: ,:/end_a
Cell simulation/LVS_biasgen.spice (1) disconnected node: ,:/end_b
Cell simulation/LVS_biasgen.spice (1) disconnected node: ,:/end_a
Cell simulation/LVS_biasgen.spice (1) disconnected node: ,:/end_b
Cell simulation/LVS_biasgen.spice (1) disconnected node: ,:/end_a
Cell simulation/LVS_biasgen.spice (1) disconnected node: ,:/end_b
Cell simulation/LVS_biasgen.spice (1) disconnected node: ,:/end_a
Cell simulation/LVS_biasgen.spice (1) disconnected node: ,:/end_b
Cell simulation/LVS_biasgen.spice (1) disconnected node: ,:/end_a
Cell simulation/LVS_biasgen.spice (1) disconnected node: ,:/end_b
Cell simulation/LVS_biasgen.spice (1) disconnected node: ,:/end_a
Cell simulation/LVS_biasgen.spice (1) disconnected node: ,:/end_b
Cell simulation/LVS_biasgen.spice (1) disconnected node: ,:/end_a
Cell simulation/LVS_biasgen.spice (1) disconnected node: ,:/end_b
Cell simulation/LVS_biasgen.spice (1) disconnected node: ,:/end_a
Cell simulation/LVS_biasgen.spice (1) disconnected node: ,:/end_b
Cell simulation/LVS_biasgen.spice (1) disconnected node: ,:/end_a
Cell simulation/LVS_biasgen.spice (1) disconnected node: ,:/end_b
Cell simulation/LVS_biasgen.spice (1) disconnected node: ,:/end_a
Cell simulation/LVS_biasgen.spice (1) disconnected node: ,:/end_b
Cell simulation/LVS_biasgen.spice (1) disconnected node: ,:/end_a
Cell simulation/LVS_biasgen.spice (1) disconnected node: ,:/end_b
Cell simulation/LVS_biasgen.spice (1) disconnected node: ,:/end_a
Cell simulation/LVS_biasgen.spice (1) disconnected node: ,:/end_b
Cell simulation/LVS_biasgen.spice (1) disconnected node: ,:/end_a
Cell simulation/LVS_biasgen.spice (1) disconnected node: ,:/end_b
Cell simulation/LVS_biasgen.spice (1) disconnected node: ,:/end_a
Cell simulation/LVS_biasgen.spice (1) disconnected node: ,:/end_b
Cell simulation/LVS_biasgen.spice (1) disconnected node: ,:/end_a
Cell simulation/LVS_biasgen.spice (1) disconnected node: ,:/end_b
Cell simulation/LVS_biasgen.spice (1) disconnected node: ,:/end_a
Cell simulation/LVS_biasgen.spice (1) disconnected node: ,:/end_b
Cell simulation/LVS_biasgen.spice (1) disconnected node: ,:/end_a
Cell simulation/LVS_biasgen.spice (1) disconnected node: ,:/end_b
Cell simulation/LVS_biasgen.spice (1) disconnected node: ,:/end_a
Cell simulation/LVS_biasgen.spice (1) disconnected node: ,:/end_b
Cell simulation/LVS_biasgen.spice (1) disconnected node: ,:/end_a
Cell simulation/LVS_biasgen.spice (1) disconnected node: ,:/end_b
Cell simulation/LVS_biasgen.spice (1) disconnected node: ,:/end_a
Cell simulation/LVS_biasgen.spice (1) disconnected node: ,:/end_b
Cell simulation/LVS_biasgen.spice (1) disconnected node: ,:/end_a
Cell simulation/LVS_biasgen.spice (1) disconnected node: ,:/end_b
Cell simulation/LVS_biasgen.spice (1) disconnected node: ,:/end_a
Cell simulation/LVS_biasgen.spice (1) disconnected node: ,:/end_b
Cell simulation/LVS_biasgen.spice (1) disconnected node: ,:/end_a
Cell simulation/LVS_biasgen.spice (1) disconnected node: ,:/end_b
Cell simulation/LVS_biasgen.spice (1) disconnected node: ,:/end_a
Cell simulation/LVS_biasgen.spice (1) disconnected node: ,:/end_b
Cell simulation/LVS_biasgen.spice (1) disconnected node: ,:/end_a
Cell simulation/LVS_biasgen.spice (1) disconnected node: ,:/end_b
Cell simulation/LVS_biasgen.spice (1) disconnected node: ,:/end_a
Cell simulation/LVS_biasgen.spice (1) disconnected node: ,:/end_b
Cell simulation/LVS_biasgen.spice (1) disconnected node: ,:/end_a
Cell simulation/LVS_biasgen.spice (1) disconnected node: ,:/end_b
Cell simulation/LVS_biasgen.spice (1) disconnected node: ,:/end_a
Cell simulation/LVS_biasgen.spice (1) disconnected node: ,:/end_b
Cell simulation/LVS_biasgen.spice (1) disconnected node: ,:/end_a
Cell simulation/LVS_biasgen.spice (1) disconnected node: ,:/end_b
Cell simulation/LVS_biasgen.spice (1) disconnected node: ,:/end_a
Cell simulation/LVS_biasgen.spice (1) disconnected node: ,:/end_b
Cell simulation/LVS_biasgen.spice (1) disconnected node: ,:/end_a
Cell simulation/LVS_biasgen.spice (1) disconnected node: ,:/end_b
Cell simulation/LVS_biasgen.spice (1) disconnected node: ,:/end_a
Cell simulation/LVS_biasgen.spice (1) disconnected node: ,:/end_b
Cell simulation/LVS_biasgen.spice (1) disconnected node: ,:/end_a
Cell simulation/LVS_biasgen.spice (1) disconnected node: ,:/end_b
Cell simulation/LVS_biasgen.spice (1) disconnected node: ,:/end_a
Cell simulation/LVS_biasgen.spice (1) disconnected node: ,:/end_b
Cell simulation/LVS_biasgen.spice (1) disconnected node: ,:/end_a
Cell simulation/LVS_biasgen.spice (1) disconnected node: ,:/end_b
Cell simulation/LVS_biasgen.spice (1) disconnected node: ,:/end_a
Cell simulation/LVS_biasgen.spice (1) disconnected node: ,:/end_b
Cell simulation/LVS_biasgen.spice (1) disconnected node: ,:/end_a
Cell simulation/LVS_biasgen.spice (1) disconnected node: ,:/end_b
Cell simulation/LVS_biasgen.spice (1) disconnected node: ,:/end_a
Cell simulation/LVS_biasgen.spice (1) disconnected node: ,:/end_b
Cell simulation/LVS_biasgen.spice (1) disconnected node: ,:/end_a
Cell simulation/LVS_biasgen.spice (1) disconnected node: ,:/end_b
Cell simulation/LVS_biasgen.spice (1) disconnected node: ,:/end_a
Cell simulation/LVS_biasgen.spice (1) disconnected node: ,:/end_b
Cell simulation/LVS_biasgen.spice (1) disconnected node: ,:/end_a
Cell simulation/LVS_biasgen.spice (1) disconnected node: ,:/end_b
Cell simulation/LVS_biasgen.spice (1) disconnected node: ,:/end_a
Cell simulation/LVS_biasgen.spice (1) disconnected node: ,:/end_b
Cell simulation/LVS_biasgen.spice (1) disconnected node: ,:/end_a
Cell simulation/LVS_biasgen.spice (1) disconnected node: ,:/end_b
Cell simulation/LVS_biasgen.spice (1) disconnected node: ,:/end_a
Cell simulation/LVS_biasgen.spice (1) disconnected node: ,:/end_b
Cell simulation/LVS_biasgen.spice (1) disconnected node: ,:/end_a
Cell simulation/LVS_biasgen.spice (1) disconnected node: ,:/end_b
Cell simulation/LVS_biasgen.spice (1) disconnected node: ,:/end_a
Cell simulation/LVS_biasgen.spice (1) disconnected node: ,:/end_b
Cell simulation/LVS_biasgen.spice (1) disconnected node: ,:/end_a
Cell simulation/LVS_biasgen.spice (1) disconnected node: ,:/end_b
Cell simulation/LVS_biasgen.spice (1) disconnected node: ,:/end_a
Cell simulation/LVS_biasgen.spice (1) disconnected node: ,:/end_b
Cell simulation/LVS_biasgen.spice (1) disconnected node: ,:/end_a
Cell simulation/LVS_biasgen.spice (1) disconnected node: ,:/end_b
Cell simulation/LVS_biasgen.spice (1) disconnected node: ,:/end_a
Cell simulation/LVS_biasgen.spice (1) disconnected node: ,:/end_b
Cell simulation/LVS_biasgen.spice (1) disconnected node: ,:/end_a
Cell simulation/LVS_biasgen.spice (1) disconnected node: ,:/end_b
Subcircuit summary:
Circuit 1: bias_generator.spice            |Circuit 2: simulation/LVS_biasgen.spice    
-------------------------------------------|-------------------------------------------
sky130_fd_pr__nfet_01v8 (34->19)           |(no matching element)                      
sky130_fd_pr__pfet_01v8 (32->18)           |(no matching element)                      
(no matching element)                      |vsrc (4)                                   
(no matching element)                      |, (120)                                    
Number of devices: 37 **Mismatch**         |Number of devices: 124 **Mismatch**        
Number of nets: 28 **Mismatch**            |Number of nets: 2 **Mismatch**             
---------------------------------------------------------------------------------------
NET mismatches: Class fragments follow (with fanout counts):
Circuit 1: bias_generator.spice            |Circuit 2: simulation/LVS_biasgen.spice    

---------------------------------------------------------------------------------------
Net: a_n6090_7100#                         |(no matching net)                          
  sky130_fd_pr__nfet_01v8/(1|3) = 1        |                                           
  sky130_fd_pr__nfet_01v8/2 = 2            |                                           
                                           |                                           
Net: a_n6030_530#                          |(no matching net)                          
  sky130_fd_pr__nfet_01v8/(1|3) = 3        |                                           
                                           |                                           
Net: a_n6030_11240#                        |(no matching net)                          
  sky130_fd_pr__pfet_01v8/(1|3) = 3        |                                           
                                           |                                           
Net: a_n6430_530#                          |(no matching net)                          
  sky130_fd_pr__nfet_01v8/(1|3) = 8        |                                           
  sky130_fd_pr__nfet_01v8/4 = 19           |                                           
  sky130_fd_pr__nfet_01v8/2 = 2            |                                           
                                           |                                           
Net: w_n6530_3120#                         |(no matching net)                          
  sky130_fd_pr__pfet_01v8/(1|3) = 6        |                                           
  sky130_fd_pr__pfet_01v8/2 = 2            |                                           
  sky130_fd_pr__pfet_01v8/4 = 18           |                                           
                                           |                                           
Net: a_n5740_8350#                         |(no matching net)                          
  sky130_fd_pr__nfet_01v8/2 = 11           |                                           
                                           |                                           
Net: a_n4830_11240#                        |(no matching net)                          
  sky130_fd_pr__pfet_01v8/(1|3) = 1        |                                           
                                           |                                           
Net: a_n6210_6050#                         |(no matching net)                          
  sky130_fd_pr__nfet_01v8/(1|3) = 1        |                                           
  sky130_fd_pr__pfet_01v8/2 = 12           |                                           
  sky130_fd_pr__pfet_01v8/(1|3) = 1        |                                           
---------------------------------------------------------------------------------------

---------------------------------------------------------------------------------------
(no matching net)                          |Net: out                                   
                                           |  vsrc/neg = 4                             
                                           |                                           
(no matching net)                          |Net: :                                     
                                           |  vsrc/pos = 4                             
---------------------------------------------------------------------------------------

---------------------------------------------------------------------------------------
Net: a_n5930_500#                          |(no matching net)                          
  sky130_fd_pr__nfet_01v8/(1|3) = 3        |                                           
  sky130_fd_pr__nfet_01v8/2 = 3            |                                           
  sky130_fd_pr__pfet_01v8/(1|3) = 2        |                                           
                                           |                                           
Net: a_n5930_11100#                        |(no matching net)                          
  sky130_fd_pr__nfet_01v8/(1|3) = 2        |                                           
  sky130_fd_pr__pfet_01v8/(1|3) = 3        |                                           
  sky130_fd_pr__pfet_01v8/2 = 3            |                                           
---------------------------------------------------------------------------------------

---------------------------------------------------------------------------------------
Net: a_n6230_11240#                        |(no matching net)                          
  sky130_fd_pr__nfet_01v8/(1|3) = 2        |                                           
  sky130_fd_pr__pfet_01v8/(1|3) = 2        |                                           
  sky130_fd_pr__pfet_01v8/2 = 1            |                                           
                                           |                                           
Net: a_n6230_300#                          |(no matching net)                          
  sky130_fd_pr__pfet_01v8/(1|3) = 2        |                                           
  sky130_fd_pr__nfet_01v8/2 = 1            |                                           
  sky130_fd_pr__nfet_01v8/(1|3) = 2        |                                           
---------------------------------------------------------------------------------------
DEVICE mismatches: Class fragments follow (with node fanout counts):
Circuit 1: bias_generator.spice            |Circuit 2: simulation/LVS_biasgen.spice    

---------------------------------------------------------------------------------------
Instance: sky130_fd_pr__nfet_01v8:2        |Instance: ðäjË•U                           
  (1,3) = (5,3)                            |  pos = 4                                  
  2 = 5                                    |  neg = 4                                  
  4 = 29                                   |                                           
                                           |                                           
                                           |                                           
Instance: sky130_fd_pr__nfet_01v8:6        |Instance: ðäjË•U                           
  (1,3) = (8,8)                            |  pos = 4                                  
  2 = 8                                    |  neg = 4                                  
  4 = 29                                   |                                           
                                           |                                           
                                           |                                           
Instance: sky130_fd_pr__nfet_01v8:9        |Instance: ðäjË•U                           
  (1,3) = (29,3)                           |  pos = 4                                  
  2 = 8                                    |  neg = 4                                  
  4 = 29                                   |                                           
                                           |                                           
                                           |                                           
Instance: sky130_fd_pr__nfet_01v8:14       |Instance: ðäjË•U                           
  (1,3) = (29,5)                           |  pos = 4                                  
  2 = 29                                   |  neg = 4                                  
  4 = 29                                   |                                           
                                           |                                           
                                           |                                           
Instance: sky130_fd_pr__nfet_01v8:17       |Instance: ,:                               
  (1,3) = (29,5)                           |  (end_a,end_b) = (1,1)                    
  2 = 11                                   |                                           
  4 = 29                                   |                                           
                                           |                                           
Instance: sky130_fd_pr__nfet_01v8:35       |Instance: ,:                               
  (1,3) = (29,5)                           |  (end_a,end_b) = (1,1)                    
  2 = 29                                   |                                           
  4 = 29                                   |                                           
                                           |                                           
Instance: sky130_fd_pr__nfet_01v8:20       |Instance: ,:                               
  (1,3) = (8,3)                            |  (end_a,end_b) = (1,1)                    
  2 = 8                                    |                                           
  4 = 29                                   |                                           
                                           |                                           
Instance: sky130_fd_pr__pfet_01v8:1        |Instance: ,:                               
  (1,3) = (26,5)                           |  (end_a,end_b) = (1,1)                    
  2 = 26                                   |                                           
  4 = 26                                   |                                           
                                           |                                           
Instance: sky130_fd_pr__pfet_01v8:18       |Instance: ,:                               
  (1,3) = (26,5)                           |  (end_a,end_b) = (1,1)                    
  2 = 14                                   |                                           
  4 = 26                                   |                                           
                                           |                                           
Instance: sky130_fd_pr__pfet_01v8:45       |Instance: ,:                               
  (1,3) = (26,5)                           |  (end_a,end_b) = (1,1)                    
  2 = 26                                   |                                           
  4 = 26                                   |                                           
                                           |                                           
Instance: sky130_fd_pr__pfet_01v8:7        |Instance: ,:                               
  (1,3) = (8,3)                            |  (end_a,end_b) = (1,1)                    
  2 = 8                                    |                                           
  4 = 26                                   |                                           
                                           |                                           
Instance: sky130_fd_pr__pfet_01v8:8        |Instance: ,:                               
  (1,3) = (3,1)                            |  (end_a,end_b) = (1,1)                    
  2 = 8                                    |                                           
  4 = 26                                   |                                           
                                           |                                           
Instance: sky130_fd_pr__pfet_01v8:10       |Instance: ,:                               
  (1,3) = (8,8)                            |  (end_a,end_b) = (1,1)                    
  2 = 8                                    |                                           
  4 = 26                                   |                                           
                                           |                                           
Instance: sky130_fd_pr__pfet_01v8:58       |Instance: ,:                               
  (1,3) = (26,14)                          |  (end_a,end_b) = (1,1)                    
  2 = 14                                   |                                           
  4 = 26                                   |                                           
                                           |                                           
Instance: sky130_fd_pr__pfet_01v8:40       |Instance: ,:                               
  (1,3) = (5,3)                            |  (end_a,end_b) = (1,1)                    
  2 = 5                                    |                                           
  4 = 26                                   |                                           
                                           |                                           
(no matching instance)                     |Instance: ,:                               
                                           |  (end_a,end_b) = (1,1)                    
                                           |                                           
                                           |                                           
(no matching instance)                     |Instance: ,:                               
                                           |  (end_a,end_b) = (1,1)                    
                                           |                                           
                                           |                                           
(no matching instance)                     |Instance: ,:                               
                                           |  (end_a,end_b) = (1,1)                    
                                           |                                           
                                           |                                           
(no matching instance)                     |Instance: ,:                               
                                           |  (end_a,end_b) = (1,1)                    
                                           |                                           
                                           |                                           
(no matching instance)                     |Instance: ,:                               
                                           |  (end_a,end_b) = (1,1)                    
                                           |                                           
                                           |                                           
(no matching instance)                     |Instance: ,:                               
                                           |  (end_a,end_b) = (1,1)                    
                                           |                                           
                                           |                                           
(no matching instance)                     |Instance: ,:                               
                                           |  (end_a,end_b) = (1,1)                    
                                           |                                           
                                           |                                           
(no matching instance)                     |Instance: ,:                               
                                           |  (end_a,end_b) = (1,1)                    
                                           |                                           
                                           |                                           
(no matching instance)                     |Instance: ,:                               
                                           |  (end_a,end_b) = (1,1)                    
                                           |                                           
                                           |                                           
(no matching instance)                     |Instance: ,:                               
                                           |  (end_a,end_b) = (1,1)                    
                                           |                                           
                                           |                                           
(no matching instance)                     |Instance: ,:                               
                                           |  (end_a,end_b) = (1,1)                    
                                           |                                           
                                           |                                           
(no matching instance)                     |Instance: ,:                               
                                           |  (end_a,end_b) = (1,1)                    
                                           |                                           
                                           |                                           
(no matching instance)                     |Instance: ,:                               
                                           |  (end_a,end_b) = (1,1)                    
                                           |                                           
                                           |                                           
(no matching instance)                     |Instance: ,:                               
                                           |  (end_a,end_b) = (1,1)                    
                                           |                                           
                                           |                                           
(no matching instance)                     |Instance: ,:                               
                                           |  (end_a,end_b) = (1,1)                    
                                           |                                           
                                           |                                           
(no matching instance)                     |Instance: ,:                               
                                           |  (end_a,end_b) = (1,1)                    
                                           |                                           
                                           |                                           
(no matching instance)                     |Instance: ,:                               
                                           |  (end_a,end_b) = (1,1)                    
                                           |                                           
                                           |                                           
(no matching instance)                     |Instance: ,:                               
                                           |  (end_a,end_b) = (1,1)                    
                                           |                                           
                                           |                                           
(no matching instance)                     |Instance: ,:                               
                                           |  (end_a,end_b) = (1,1)                    
                                           |                                           
                                           |                                           
(no matching instance)                     |Instance: ,:                               
                                           |  (end_a,end_b) = (1,1)                    
                                           |                                           
                                           |                                           
(no matching instance)                     |Instance: ,:                               
                                           |  (end_a,end_b) = (1,1)                    
                                           |                                           
                                           |                                           
(no matching instance)                     |Instance: ,:                               
                                           |  (end_a,end_b) = (1,1)                    
                                           |                                           
                                           |                                           
(no matching instance)                     |Instance: ,:                               
                                           |  (end_a,end_b) = (1,1)                    
                                           |                                           
                                           |                                           
(no matching instance)                     |Instance: ,:                               
                                           |  (end_a,end_b) = (1,1)                    
                                           |                                           
                                           |                                           
(no matching instance)                     |Instance: ,:                               
                                           |  (end_a,end_b) = (1,1)                    
                                           |                                           
                                           |                                           
(no matching instance)                     |Instance: ,:                               
                                           |  (end_a,end_b) = (1,1)                    
                                           |                                           
                                           |                                           
(no matching instance)                     |Instance: ,:                               
                                           |  (end_a,end_b) = (1,1)                    
                                           |                                           
                                           |                                           
(no matching instance)                     |Instance: ,:                               
                                           |  (end_a,end_b) = (1,1)                    
                                           |                                           
                                           |                                           
(no matching instance)                     |Instance: ,:                               
                                           |  (end_a,end_b) = (1,1)                    
                                           |                                           
                                           |                                           
(no matching instance)                     |Instance: ,:                               
                                           |  (end_a,end_b) = (1,1)                    
                                           |                                           
                                           |                                           
(no matching instance)                     |Instance: ,:                               
                                           |  (end_a,end_b) = (1,1)                    
                                           |                                           
                                           |                                           
(no matching instance)                     |Instance: ,:                               
                                           |  (end_a,end_b) = (1,1)                    
                                           |                                           
                                           |                                           
(no matching instance)                     |Instance: ,:                               
                                           |  (end_a,end_b) = (1,1)                    
                                           |                                           
                                           |                                           
(no matching instance)                     |Instance: ,:                               
                                           |  (end_a,end_b) = (1,1)                    
                                           |                                           
                                           |                                           
(no matching instance)                     |Instance: ,:                               
                                           |  (end_a,end_b) = (1,1)                    
                                           |                                           
                                           |                                           
(no matching instance)                     |Instance: ,:                               
                                           |  (end_a,end_b) = (1,1)                    
                                           |                                           
                                           |                                           
(no matching instance)                     |Instance: ,:                               
                                           |  (end_a,end_b) = (1,1)                    
                                           |                                           
                                           |                                           
(no matching instance)                     |Instance: ,:                               
                                           |  (end_a,end_b) = (1,1)                    
                                           |                                           
                                           |                                           
(no matching instance)                     |Instance: ,:                               
                                           |  (end_a,end_b) = (1,1)                    
                                           |                                           
                                           |                                           
(no matching instance)                     |Instance: ,:                               
                                           |  (end_a,end_b) = (1,1)                    
                                           |                                           
                                           |                                           
(no matching instance)                     |Instance: ,:                               
                                           |  (end_a,end_b) = (1,1)                    
                                           |                                           
                                           |                                           
(no matching instance)                     |Instance: ,:                               
                                           |  (end_a,end_b) = (1,1)                    
                                           |                                           
                                           |                                           
(no matching instance)                     |Instance: ,:                               
                                           |  (end_a,end_b) = (1,1)                    
                                           |                                           
                                           |                                           
(no matching instance)                     |Instance: ,:                               
                                           |  (end_a,end_b) = (1,1)                    
                                           |                                           
                                           |                                           
(no matching instance)                     |Instance: ,:                               
                                           |  (end_a,end_b) = (1,1)                    
                                           |                                           
                                           |                                           
(no matching instance)                     |Instance: ,:                               
                                           |  (end_a,end_b) = (1,1)                    
                                           |                                           
                                           |                                           
(no matching instance)                     |Instance: ,:                               
                                           |  (end_a,end_b) = (1,1)                    
                                           |                                           
                                           |                                           
(no matching instance)                     |Instance: ,:                               
                                           |  (end_a,end_b) = (1,1)                    
                                           |                                           
                                           |                                           
(no matching instance)                     |Instance: ,:                               
                                           |  (end_a,end_b) = (1,1)                    
                                           |                                           
                                           |                                           
(no matching instance)                     |Instance: ,:                               
                                           |  (end_a,end_b) = (1,1)                    
                                           |                                           
                                           |                                           
(no matching instance)                     |Instance: ,:                               
                                           |  (end_a,end_b) = (1,1)                    
                                           |                                           
                                           |                                           
(no matching instance)                     |Instance: ,:                               
                                           |  (end_a,end_b) = (1,1)                    
                                           |                                           
                                           |                                           
(no matching instance)                     |Instance: ,:                               
                                           |  (end_a,end_b) = (1,1)                    
                                           |                                           
                                           |                                           
(no matching instance)                     |Instance: ,:                               
                                           |  (end_a,end_b) = (1,1)                    
                                           |                                           
                                           |                                           
(no matching instance)                     |Instance: ,:                               
                                           |  (end_a,end_b) = (1,1)                    
                                           |                                           
                                           |                                           
(no matching instance)                     |Instance: ,:                               
                                           |  (end_a,end_b) = (1,1)                    
                                           |                                           
                                           |                                           
(no matching instance)                     |Instance: ,:                               
                                           |  (end_a,end_b) = (1,1)                    
                                           |                                           
                                           |                                           
(no matching instance)                     |Instance: ,:                               
                                           |  (end_a,end_b) = (1,1)                    
                                           |                                           
                                           |                                           
(no matching instance)                     |Instance: ,:                               
                                           |  (end_a,end_b) = (1,1)                    
                                           |                                           
                                           |                                           
(no matching instance)                     |Instance: ,:                               
                                           |  (end_a,end_b) = (1,1)                    
                                           |                                           
                                           |                                           
(no matching instance)                     |Instance: ,:                               
                                           |  (end_a,end_b) = (1,1)                    
                                           |                                           
                                           |                                           
(no matching instance)                     |Instance: ,:                               
                                           |  (end_a,end_b) = (1,1)                    
                                           |                                           
                                           |                                           
(no matching instance)                     |Instance: ,:                               
                                           |  (end_a,end_b) = (1,1)                    
                                           |                                           
                                           |                                           
(no matching instance)                     |Instance: ,:                               
                                           |  (end_a,end_b) = (1,1)                    
                                           |                                           
                                           |                                           
(no matching instance)                     |Instance: ,:                               
                                           |  (end_a,end_b) = (1,1)                    
                                           |                                           
                                           |                                           
(no matching instance)                     |Instance: ,:                               
                                           |  (end_a,end_b) = (1,1)                    
                                           |                                           
                                           |                                           
(no matching instance)                     |Instance: ,:                               
                                           |  (end_a,end_b) = (1,1)                    
                                           |                                           
                                           |                                           
(no matching instance)                     |Instance: ,:                               
                                           |  (end_a,end_b) = (1,1)                    
                                           |                                           
                                           |                                           
(no matching instance)                     |Instance: ,:                               
                                           |  (end_a,end_b) = (1,1)                    
                                           |                                           
                                           |                                           
(no matching instance)                     |Instance: ,:                               
                                           |  (end_a,end_b) = (1,1)                    
                                           |                                           
                                           |                                           
(no matching instance)                     |Instance: ,:                               
                                           |  (end_a,end_b) = (1,1)                    
                                           |                                           
                                           |                                           
(no matching instance)                     |Instance: ,:                               
                                           |  (end_a,end_b) = (1,1)                    
                                           |                                           
                                           |                                           
(no matching instance)                     |Instance: ,:                               
                                           |  (end_a,end_b) = (1,1)                    
                                           |                                           
                                           |                                           
(no matching instance)                     |Instance: ,:                               
                                           |  (end_a,end_b) = (1,1)                    
                                           |                                           
                                           |                                           
(no matching instance)                     |Instance: ,:                               
                                           |  (end_a,end_b) = (1,1)                    
                                           |                                           
                                           |                                           
(no matching instance)                     |Instance: ,:                               
                                           |  (end_a,end_b) = (1,1)                    
                                           |                                           
                                           |                                           
(no matching instance)                     |Instance: ,:                               
                                           |  (end_a,end_b) = (1,1)                    
                                           |                                           
                                           |                                           
(no matching instance)                     |Instance: ,:                               
                                           |  (end_a,end_b) = (1,1)                    
                                           |                                           
                                           |                                           
(no matching instance)                     |Instance: ,:                               
                                           |  (end_a,end_b) = (1,1)                    
                                           |                                           
                                           |                                           
(no matching instance)                     |Instance: ,:                               
                                           |  (end_a,end_b) = (1,1)                    
                                           |                                           
                                           |                                           
(no matching instance)                     |Instance: ,:                               
                                           |  (end_a,end_b) = (1,1)                    
                                           |                                           
                                           |                                           
(no matching instance)                     |Instance: ,:                               
                                           |  (end_a,end_b) = (1,1)                    
                                           |                                           
                                           |                                           
(no matching instance)                     |Instance: ,:                               
                                           |  (end_a,end_b) = (1,1)                    
                                           |                                           
                                           |                                           
(no matching instance)                     |Instance: ,:                               
                                           |  (end_a,end_b) = (1,1)                    
                                           |                                           
                                           |                                           
(no matching instance)                     |Instance: ,:                               
                                           |  (end_a,end_b) = (1,1)                    
                                           |                                           
                                           |                                           
(no matching instance)                     |Instance: ,:                               
                                           |  (end_a,end_b) = (1,1)                    
                                           |                                           
                                           |                                           
(no matching instance)                     |Instance: ,:                               
                                           |  (end_a,end_b) = (1,1)                    
                                           |                                           
                                           |                                           
(no matching instance)                     |Instance: ,:                               
                                           |  (end_a,end_b) = (1,1)                    
                                           |                                           
                                           |                                           
(no matching instance)                     |Instance: ,:                               
                                           |  (end_a,end_b) = (1,1)                    
                                           |                                           
                                           |                                           
(no matching instance)                     |Instance: ,:                               
                                           |  (end_a,end_b) = (1,1)                    
                                           |                                           
                                           |                                           
(no matching instance)                     |Instance: ,:                               
                                           |  (end_a,end_b) = (1,1)                    
                                           |                                           
                                           |                                           
(no matching instance)                     |Instance: ,:                               
                                           |  (end_a,end_b) = (1,1)                    
                                           |                                           
                                           |                                           
(no matching instance)                     |Instance: ,:                               
                                           |  (end_a,end_b) = (1,1)                    
                                           |                                           
                                           |                                           
(no matching instance)                     |Instance: ,:                               
                                           |  (end_a,end_b) = (1,1)                    
                                           |                                           
                                           |                                           
(no matching instance)                     |Instance: ,:                               
                                           |  (end_a,end_b) = (1,1)                    
                                           |                                           
                                           |                                           
(no matching instance)                     |Instance: ,:                               
                                           |  (end_a,end_b) = (1,1)                    
                                           |                                           
                                           |                                           
(no matching instance)                     |Instance: ,:                               
                                           |  (end_a,end_b) = (1,1)                    
                                           |                                           
                                           |                                           
(no matching instance)                     |Instance: ,:                               
                                           |  (end_a,end_b) = (1,1)                    
                                           |                                           
                                           |                                           
(no matching instance)                     |Instance: ,:                               
                                           |  (end_a,end_b) = (1,1)                    
                                           |                                           
                                           |                                           
(no matching instance)                     |Instance: ,:                               
                                           |  (end_a,end_b) = (1,1)                    
                                           |                                           
                                           |                                           
(no matching instance)                     |Instance: ,:                               
                                           |  (end_a,end_b) = (1,1)                    
                                           |                                           
                                           |                                           
(no matching instance)                     |Instance: ,:                               
                                           |  (end_a,end_b) = (1,1)                    
                                           |                                           
                                           |                                           
(no matching instance)                     |Instance: ,:                               
                                           |  (end_a,end_b) = (1,1)                    
                                           |                                           
                                           |                                           
(no matching instance)                     |Instance: ,:                               
                                           |  (end_a,end_b) = (1,1)                    
                                           |                                           
                                           |                                           
(no matching instance)                     |Instance: ,:                               
                                           |  (end_a,end_b) = (1,1)                    
                                           |                                           
                                           |                                           
(no matching instance)                     |Instance: ,:                               
                                           |  (end_a,end_b) = (1,1)                    
                                           |                                           
                                           |                                           
(no matching instance)                     |Instance: ,:                               
                                           |  (end_a,end_b) = (1,1)                    
                                           |                                           
                                           |                                           
(no matching instance)                     |Instance: ,:                               
                                           |  (end_a,end_b) = (1,1)                    
                                           |                                           
                                           |                                           
(no matching instance)                     |Instance: ,:                               
                                           |  (end_a,end_b) = (1,1)                    
                                           |                                           
---------------------------------------------------------------------------------------
Netlists do not match.
Cells have no pins;  pin matching not needed.
Device classes bias_generator.spice and simulation/LVS_biasgen.spice are equivalent.

Final result: Netlists do not match.
